<?xml version="1.0" encoding="UTF-8"?>
<!-- Generated by org.testng.reporters.JUnitReportReporter -->
<testsuite skipped="2" hostname="LAPTOP-M08DUTEG" name="baseclass.TestNG" tests="6" failures="0" timestamp="26 Oct 2022 14:37:27 GMT" time="0.016" errors="0">
  <testcase name="tc4" time="0.012" classname="baseclass.TestNG"/>
  <testcase name="tc4" time="0.002" classname="baseclass.TestNG"/>
  <testcase name="tc5" time="0.001" classname="baseclass.TestNG"/>
  <testcase name="tc1" time="0.001" classname="baseclass.TestNG"/>
  <testcase name="tc3" classname="baseclass.TestNG">
    <skipped/>
  </testcase> <!-- tc3 -->
  <testcase name="tc2" classname="baseclass.TestNG">
    <skipped/>
  </testcase> <!-- tc2 -->
</testsuite> <!-- baseclass.TestNG -->
